# JRE version: OpenJDK Runtime Environment Temurin-17.0.7+7 (17.0.7+7) (build 17.0.7+7)
# Java VM: OpenJDK 64-Bit Server VM Temurin-17.0.7+7 (17.0.7+7, mixed mode, sharing, tiered, compressed oops, compressed class ptrs, g1 gc, windows-amd64)
GC Precious Log:
 CPUs: 20 total, 20 available
 Memory: 16138M
 Large Page Support: Disabled
 NUMA Support: Disabled
 Compressed Oops: Enabled (Zero based)
 Heap Region Size: 2M
 Heap Min Capacity: 512M
 Heap Initial Capacity: 512M
 Heap Max Capacity: 4072M
 Pre-touch: Disabled
 Parallel Workers: 15
 Concurrent Workers: 4
 Concurrent Refinement Workers: 15
 Periodic GC: Disabled
 String Deduplication is enabled
Heap:
 garbage-first heap   total 524288K, used 146850K [0x0000000701800000, 0x0000000800000000)
  region size 2048K, 21 young (43008K), 4 survivors (8192K)
 Metaspace       used 80920K, committed 81536K, reserved 1179648K
  class space    used 11069K, committed 11328K, reserved 1048576K
GC Heap History (20 events):
Event: 55.597 GC heap before
{Heap before GC invocations=28 (full 1):
 garbage-first heap   total 524288K, used 184432K [0x0000000701800000, 0x0000000800000000)
  region size 2048K, 40 young (81920K), 3 survivors (6144K)
 Metaspace       used 79831K, committed 80448K, reserved 1179648K
  class space    used 11030K, committed 11328K, reserved 1048576K
}
Event: 55.600 GC heap after
{Heap after GC invocations=29 (full 1):
 garbage-first heap   total 524288K, used 109105K [0x0000000701800000, 0x0000000800000000)
  region size 2048K, 4 young (8192K), 4 survivors (8192K)
 Metaspace       used 79831K, committed 80448K, reserved 1179648K
  class space    used 11030K, committed 11328K, reserved 1048576K
}
Event: 56.629 GC heap before
{Heap before GC invocations=29 (full 1):
 garbage-first heap   total 524288K, used 182833K [0x0000000701800000, 0x0000000800000000)
  region size 2048K, 40 young (81920K), 4 survivors (8192K)
 Metaspace       used 80012K, committed 80640K, reserved 1179648K
  class space    used 11030K, committed 11328K, reserved 1048576K
}
Event: 56.632 GC heap after
{Heap after GC invocations=30 (full 1):
 garbage-first heap   total 524288K, used 111064K [0x0000000701800000, 0x0000000800000000)
  region size 2048K, 4 young (8192K), 4 survivors (8192K)
 Metaspace       used 80012K, committed 80640K, reserved 1179648K
  class space    used 11030K, committed 11328K, reserved 1048576K
}
Event: 58.322 GC heap before
{Heap before GC invocations=30 (full 1):
 garbage-first heap   total 524288K, used 184792K [0x0000000701800000, 0x0000000800000000)
  region size 2048K, 40 young (81920K), 4 survivors (8192K)
 Metaspace       used 80059K, committed 80640K, reserved 1179648K
  class space    used 11030K, committed 11328K, reserved 1048576K
}
Event: 58.324 GC heap after
{Heap after GC invocations=31 (full 1):
 garbage-first heap   total 524288K, used 110425K [0x0000000701800000, 0x0000000800000000)
  region size 2048K, 2 young (4096K), 2 survivors (4096K)
 Metaspace       used 80059K, committed 80640K, reserved 1179648K
  class space    used 11030K, committed 11328K, reserved 1048576K
}
Event: 62.514 GC heap before
{Heap before GC invocations=31 (full 1):
 garbage-first heap   total 524288K, used 188249K [0x0000000701800000, 0x0000000800000000)
  region size 2048K, 40 young (81920K), 2 survivors (4096K)
 Metaspace       used 80088K, committed 80704K, reserved 1179648K
  class space    used 11030K, committed 11328K, reserved 1048576K
}
Event: 62.516 GC heap after
{Heap after GC invocations=32 (full 1):
 garbage-first heap   total 524288K, used 110226K [0x0000000701800000, 0x0000000800000000)
  region size 2048K, 2 young (4096K), 2 survivors (4096K)
 Metaspace       used 80088K, committed 80704K, reserved 1179648K
  class space    used 11030K, committed 11328K, reserved 1048576K
}
Event: 73.387 GC heap before
{Heap before GC invocations=32 (full 1):
 garbage-first heap   total 524288K, used 188050K [0x0000000701800000, 0x0000000800000000)
  region size 2048K, 40 young (81920K), 2 survivors (4096K)
 Metaspace       used 80216K, committed 80832K, reserved 1179648K
  class space    used 11031K, committed 11328K, reserved 1048576K
}
Event: 73.388 GC heap after
{Heap after GC invocations=33 (full 1):
 garbage-first heap   total 524288K, used 110001K [0x0000000701800000, 0x0000000800000000)
  region size 2048K, 2 young (4096K), 2 survivors (4096K)
 Metaspace       used 80216K, committed 80832K, reserved 1179648K
  class space    used 11031K, committed 11328K, reserved 1048576K
}
Event: 89.778 GC heap before
{Heap before GC invocations=33 (full 1):
 garbage-first heap   total 524288K, used 187825K [0x0000000701800000, 0x0000000800000000)
  region size 2048K, 40 young (81920K), 2 survivors (4096K)
 Metaspace       used 80590K, committed 81152K, reserved 1179648K
  class space    used 11059K, committed 11328K, reserved 1048576K
}
Event: 89.780 GC heap after
{Heap after GC invocations=34 (full 1):
 garbage-first heap   total 524288K, used 112383K [0x0000000701800000, 0x0000000800000000)
  region size 2048K, 3 young (6144K), 3 survivors (6144K)
 Metaspace       used 80590K, committed 81152K, reserved 1179648K
  class space    used 11059K, committed 11328K, reserved 1048576K
}
Event: 90.806 GC heap before
{Heap before GC invocations=34 (full 1):
 garbage-first heap   total 524288K, used 188159K [0x0000000701800000, 0x0000000800000000)
  region size 2048K, 40 young (81920K), 3 survivors (6144K)
 Metaspace       used 80658K, committed 81280K, reserved 1179648K
  class space    used 11061K, committed 11328K, reserved 1048576K
}
Event: 90.808 GC heap after
{Heap after GC invocations=35 (full 1):
 garbage-first heap   total 524288K, used 111743K [0x0000000701800000, 0x0000000800000000)
  region size 2048K, 3 young (6144K), 3 survivors (6144K)
 Metaspace       used 80658K, committed 81280K, reserved 1179648K
  class space    used 11061K, committed 11328K, reserved 1048576K
}
Event: 92.655 GC heap before
{Heap before GC invocations=35 (full 1):
 garbage-first heap   total 524288K, used 187519K [0x0000000701800000, 0x0000000800000000)
  region size 2048K, 40 young (81920K), 3 survivors (6144K)
 Metaspace       used 80762K, committed 81344K, reserved 1179648K
  class space    used 11069K, committed 11328K, reserved 1048576K
}
Event: 92.658 GC heap after
{Heap after GC invocations=36 (full 1):
 garbage-first heap   total 524288K, used 111829K [0x0000000701800000, 0x0000000800000000)
  region size 2048K, 3 young (6144K), 3 survivors (6144K)
 Metaspace       used 80762K, committed 81344K, reserved 1179648K
  class space    used 11069K, committed 11328K, reserved 1048576K
}
Event: 99.912 GC heap before
{Heap before GC invocations=36 (full 1):
 garbage-first heap   total 524288K, used 187605K [0x0000000701800000, 0x0000000800000000)
  region size 2048K, 40 young (81920K), 3 survivors (6144K)
 Metaspace       used 80790K, committed 81344K, reserved 1179648K
  class space    used 11069K, committed 11328K, reserved 1048576K
}
Event: 99.914 GC heap after
{Heap after GC invocations=37 (full 1):
 garbage-first heap   total 524288K, used 113010K [0x0000000701800000, 0x0000000800000000)
  region size 2048K, 3 young (6144K), 3 survivors (6144K)
 Metaspace       used 80790K, committed 81344K, reserved 1179648K
  class space    used 11069K, committed 11328K, reserved 1048576K
}
Event: 107.768 GC heap before
{Heap before GC invocations=37 (full 1):
 garbage-first heap   total 524288K, used 186738K [0x0000000701800000, 0x0000000800000000)
  region size 2048K, 40 young (81920K), 3 survivors (6144K)
 Metaspace       used 80912K, committed 81472K, reserved 1179648K
  class space    used 11069K, committed 11328K, reserved 1048576K
}
Event: 107.771 GC heap after
{Heap after GC invocations=38 (full 1):
 garbage-first heap   total 524288K, used 114082K [0x0000000701800000, 0x0000000800000000)
  region size 2048K, 4 young (8192K), 4 survivors (8192K)
 Metaspace       used 80912K, committed 81472K, reserved 1179648K
  class space    used 11069K, committed 11328K, reserved 1048576K
}

